[debug] [2018-12-19T08:10:23.088Z] ----------------------------------------------------------------------
[debug] [2018-12-19T08:10:23.091Z] Command:       C:\Program Files\nodejs\node.exe C:\Users\master\AppData\Roaming\npm\node_modules\firebase-tools\lib\bin\firebase.js deploy --only functions
[debug] [2018-12-19T08:10:23.092Z] CLI Version:   6.1.2
[debug] [2018-12-19T08:10:23.092Z] Platform:      win32
[debug] [2018-12-19T08:10:23.092Z] Node Version:  v11.4.0
[debug] [2018-12-19T08:10:23.093Z] Time:          Wed Dec 19 2018 16:10:23 GMT+0800 (China Standard Time)
[debug] [2018-12-19T08:10:23.093Z] ----------------------------------------------------------------------
[debug] 
[debug] [2018-12-19T08:10:23.104Z] > command requires scopes: ["email","openid","https://www.googleapis.com/auth/cloudplatformprojects.readonly","https://www.googleapis.com/auth/firebase","https://www.googleapis.com/auth/cloud-platform"]
[debug] [2018-12-19T08:10:23.105Z] > authorizing via signed-in user
[debug] [2018-12-19T08:10:23.105Z] [iam] checking project react-to-do-hooks for permissions ["cloudfunctions.functions.create","cloudfunctions.functions.delete","cloudfunctions.functions.get","cloudfunctions.functions.list","cloudfunctions.functions.update","cloudfunctions.operations.get","firebase.projects.get"]
[debug] [2018-12-19T08:10:23.107Z] >>> HTTP REQUEST POST https://cloudresourcemanager.googleapis.com/v1/projects/react-to-do-hooks:testIamPermissions  

[debug] [2018-12-19T08:10:24.167Z] <<< HTTP RESPONSE 200
[info] 
[info] === Deploying to 'react-to-do-hooks'...
[info] 
[info] i  deploying functions
[info] Running command: npm --prefix "functions" run lint
[info] +  functions: Finished running predeploy script.
[debug] [2018-12-19T08:10:30.963Z] > [functions] package.json contents: {
  "name": "functions",
  "description": "Cloud Functions for Firebase",
  "scripts": {
    "lint": "eslint .",
    "serve": "firebase serve --only functions",
    "shell": "firebase functions:shell",
    "start": "npm run shell",
    "deploy": "firebase deploy --only functions",
    "logs": "firebase functions:log"
  },
  "dependencies": {
    "cors": "^2.8.5",
    "firebase-admin": "~6.0.0",
    "firebase-functions": "^2.1.0"
  },
  "devDependencies": {
    "eslint": "^4.12.0",
    "eslint-plugin-promise": "^3.6.0"
  },
  "private": true
}
[info] i  functions: ensuring necessary APIs are enabled...
[debug] [2018-12-19T08:10:30.967Z] >>> HTTP REQUEST GET https://servicemanagement.googleapis.com/v1/services/cloudfunctions.googleapis.com/projectSettings/react-to-do-hooks?view=CONSUMER_VIEW  
 
[debug] [2018-12-19T08:10:30.969Z] >>> HTTP REQUEST GET https://servicemanagement.googleapis.com/v1/services/runtimeconfig.googleapis.com/projectSettings/react-to-do-hooks?view=CONSUMER_VIEW  
 
[debug] [2018-12-19T08:10:32.437Z] <<< HTTP RESPONSE 200
[debug] [2018-12-19T08:10:32.889Z] <<< HTTP RESPONSE 200
[info] +  functions: all necessary APIs are enabled
[debug] [2018-12-19T08:10:32.899Z] >>> HTTP REQUEST GET https://cloudresourcemanager.googleapis.com/v1/projects/react-to-do-hooks  
 
